{
  "RSpec": {
    "coverage": {
      "/home/oliver/camp_october_2019/rails_messaging_october_2019/app/models/user.rb": [
        1,
        null,
        null,
        1,
        null,
        null,
        1,
        1,
        1,
        null,
        1,
        null,
        1,
        0,
        null,
        null,
        1,
        0,
        null,
        null
      ],
      "/home/oliver/camp_october_2019/rails_messaging_october_2019/app/models/application_record.rb": [
        1,
        1,
        null
      ],
      "/home/oliver/camp_october_2019/rails_messaging_october_2019/app/helpers/application_helper.rb": [
        1,
        1,
        0,
        0,
        0,
        0,
        0,
        null,
        null,
        1,
        0,
        null,
        null
      ],
      "/home/oliver/camp_october_2019/rails_messaging_october_2019/app/helpers/mailbox_helper.rb": [
        1,
        1,
        null,
        null,
        0,
        null,
        null
      ],
      "/home/oliver/camp_october_2019/rails_messaging_october_2019/app/controllers/mailbox_controller.rb": [
        0,
        0,
        null,
        0,
        0,
        0,
        0,
        null,
        0,
        0,
        0,
        0,
        null,
        0,
        0,
        0,
        0,
        0
      ],
      "/home/oliver/camp_october_2019/rails_messaging_october_2019/app/controllers/application_controller.rb": [
        0,
        null,
        null,
        0,
        null,
        0,
        null,
        0,
        null,
        0,
        null,
        0,
        0,
        0,
        null,
        0,
        0,
        0,
        null,
        0,
        null,
        0,
        0,
        0,
        0,
        0
      ],
      "/home/oliver/camp_october_2019/rails_messaging_october_2019/app/controllers/conversations_controller.rb": [
        0,
        0,
        null,
        0,
        0,
        null,
        0,
        0,
        0,
        0,
        0,
        0,
        0,
        0,
        0,
        0,
        0,
        null,
        0,
        0,
        null,
        0,
        0,
        null,
        0,
        0,
        0,
        0,
        0,
        0,
        0,
        0,
        0,
        0,
        null,
        0,
        0,
        0,
        0,
        null,
        0,
        0,
        0,
        0,
        null,
        0,
        null,
        0,
        0,
        0,
        null,
        0,
        0,
        0,
        null,
        0
      ],
      "/home/oliver/camp_october_2019/rails_messaging_october_2019/app/controllers/welcome_controller.rb": [
        0,
        0,
        0,
        0
      ]
    },
    "timestamp": 1575622795
  },
  "Cucumber Features": {
    "coverage": {
      "/home/oliver/camp_october_2019/rails_messaging_october_2019/app/models/user.rb": [
        1,
        null,
        null,
        1,
        null,
        null,
        1,
        1,
        1,
        null,
        1,
        null,
        1,
        0,
        null,
        null,
        1,
        0,
        null,
        null
      ],
      "/home/oliver/camp_october_2019/rails_messaging_october_2019/app/models/application_record.rb": [
        1,
        1,
        null
      ],
      "/home/oliver/camp_october_2019/rails_messaging_october_2019/app/controllers/mailbox_controller.rb": [
        1,
        1,
        null,
        1,
        11,
        11,
        null,
        null,
        1,
        2,
        2,
        null,
        null,
        1,
        2,
        2,
        null,
        null
      ],
      "/home/oliver/camp_october_2019/rails_messaging_october_2019/app/controllers/application_controller.rb": [
        1,
        null,
        null,
        1,
        null,
        1,
        null,
        1,
        null,
        1,
        null,
        1,
        54,
        null,
        null,
        1,
        39,
        null,
        null,
        1,
        null,
        1,
        28,
        28,
        null,
        null
      ],
      "/home/oliver/camp_october_2019/rails_messaging_october_2019/app/helpers/application_helper.rb": [
        1,
        1,
        11,
        4,
        0,
        6,
        0,
        null,
        null,
        1,
        87,
        null,
        null
      ],
      "/home/oliver/camp_october_2019/rails_messaging_october_2019/app/helpers/mailbox_helper.rb": [
        1,
        1,
        null,
        null,
        29,
        null,
        null
      ],
      "/home/oliver/camp_october_2019/rails_messaging_october_2019/app/controllers/conversations_controller.rb": [
        1,
        1,
        null,
        1,
        null,
        null,
        1,
        4,
        4,
        3,
        3,
        null,
        1,
        1,
        1,
        null,
        null,
        null,
        1,
        7,
        null,
        7,
        null,
        null,
        1,
        2,
        1,
        1,
        null,
        1,
        1,
        1,
        null,
        null,
        null,
        1,
        2,
        2,
        null,
        null,
        1,
        0,
        0,
        null,
        null,
        1,
        null,
        1,
        13,
        null,
        null,
        1,
        3,
        null,
        null,
        null
      ],
      "/home/oliver/camp_october_2019/rails_messaging_october_2019/app/controllers/welcome_controller.rb": [
        1,
        1,
        null,
        null
      ]
    },
    "timestamp": 1575622801
  }
}
